<?xml version="1.0" encoding="UTF-8"?>
<!-- Generated by org.testng.reporters.JUnitReportReporter -->
<testsuite hostname="DESKTOP-FFGJU22" failures="0" tests="1" name="javaSeleniumPackage.TestNG1" time="0.018" errors="0" timestamp="25 Apr 2020 16:22:11 GMT" skipped="0">
  <testcase classname="javaSeleniumPackage.TestNG1" name="a" time="0.018"/>
</testsuite> <!-- javaSeleniumPackage.TestNG1 -->
